<?xml version="1.0" encoding="UTF-8"?>
<!-- Generated by org.testng.reporters.JUnitReportReporter -->
<testsuite hostname="sanchari" failures="0" tests="3" name="Pack1.Tc013" time="15.474" errors="0" timestamp="2025-08-20T00:28:23 IST" skipped="0">
  <testcase classname="Pack1.Tc013" name="test" time="3.364"/>
  <testcase classname="Pack1.Tc013" name="test" time="4.057"/>
  <testcase classname="Pack1.Tc013" name="test" time="8.053"/>
</testsuite> <!-- Pack1.Tc013 -->
