<?xml version="1.0" encoding="UTF-8"?>
<!-- Generated by org.testng.reporters.JUnitReportReporter -->
<testsuite hostname="sanchari" failures="0" tests="3" name="Pack1.Lab15_csvparameter" time="27.835" errors="0" timestamp="2025-08-22T09:38:39 IST" skipped="0">
  <testcase classname="Pack1.Lab15_csvparameter" name="f" time="12.749"/>
  <testcase classname="Pack1.Lab15_csvparameter" name="f" time="7.523"/>
  <testcase classname="Pack1.Lab15_csvparameter" name="f" time="7.563"/>
</testsuite> <!-- Pack1.Lab15_csvparameter -->
