<?xml version="1.0" encoding="UTF-8"?>
<!-- Generated by org.testng.reporters.JUnitReportReporter -->
<testsuite hostname="sanchari" failures="0" tests="3" name="Pack1.Tc013" time="16.847" errors="0" timestamp="2025-08-21T00:30:00 IST" skipped="0">
  <testcase classname="Pack1.Tc013" name="test" time="1.963"/>
  <testcase classname="Pack1.Tc013" name="test" time="9.921"/>
  <testcase classname="Pack1.Tc013" name="test" time="4.963"/>
</testsuite> <!-- Pack1.Tc013 -->
