<?xml version="1.0" encoding="UTF-8"?>
<!-- Generated by org.testng.reporters.JUnitReportReporter -->
<testsuite hostname="sanchari" failures="0" tests="2" name="Pack1.Lab9_lab3crossbrowser" time="9.962" errors="0" timestamp="2025-08-19T15:27:34 IST" skipped="0">
  <testcase classname="Pack1.Lab9_lab3crossbrowser" name="test1" time="6.050"/>
  <testcase classname="Pack1.Lab9_lab3crossbrowser" name="test1" time="3.912"/>
</testsuite> <!-- Pack1.Lab9_lab3crossbrowser -->
