<?xml version="1.0" encoding="UTF-8"?>
<!-- Generated by org.testng.reporters.JUnitReportReporter -->
<testsuite hostname="sanchari" failures="0" tests="2" name="Pack1.Lab9_lab4crossbrowser" time="9.307" errors="0" timestamp="2025-08-20T00:48:19 IST" skipped="0">
  <testcase classname="Pack1.Lab9_lab4crossbrowser" name="test2" time="6.182"/>
  <testcase classname="Pack1.Lab9_lab4crossbrowser" name="test2" time="3.125"/>
</testsuite> <!-- Pack1.Lab9_lab4crossbrowser -->
