<?xml version="1.0" encoding="UTF-8"?>
<!-- Generated by org.testng.reporters.JUnitReportReporter -->
<testsuite hostname="sanchari" failures="0" tests="2" name="Pack1.Tc012_testng_pagefactory" time="17.740" errors="0" timestamp="2025-08-21T11:23:24 IST" skipped="0">
  <testcase classname="Pack1.Tc012_testng_pagefactory" name="f" time="10.247"/>
  <testcase classname="Pack1.Tc012_testng_pagefactory" name="f" time="7.493"/>
</testsuite> <!-- Pack1.Tc012_testng_pagefactory -->
