<?xml version="1.0" encoding="UTF-8"?>
<!-- Generated by org.testng.reporters.JUnitReportReporter -->
<testsuite hostname="sanchari" failures="0" tests="1" name="Pack1.Lab8_usingtestngforlab4" time="9.489" errors="0" timestamp="2025-08-19T14:43:06 IST" skipped="0">
  <testcase classname="Pack1.Lab8_usingtestngforlab4" name="f" time="9.489"/>
</testsuite> <!-- Pack1.Lab8_usingtestngforlab4 -->
