<?xml version="1.0" encoding="UTF-8"?>
<!-- Generated by org.testng.reporters.JUnitReportReporter -->
<testsuite hostname="sanchari" failures="0" tests="2" name="Pack1.Tc012_for_pom" time="15.492" errors="0" timestamp="2025-08-20T10:13:40 IST" skipped="0">
  <testcase classname="Pack1.Tc012_for_pom" name="f" time="8.405"/>
  <testcase classname="Pack1.Tc012_for_pom" name="f" time="7.087"/>
</testsuite> <!-- Pack1.Tc012_for_pom -->
