<?xml version="1.0" encoding="UTF-8"?>
<!-- Generated by org.testng.reporters.JUnitReportReporter -->
<testsuite hostname="sanchari" failures="0" tests="3" name="Pack1.Tc012_testng_pagefactoryexceldata" time="22.326" errors="0" timestamp="2025-08-21T13:20:29 IST" skipped="0">
  <testcase classname="Pack1.Tc012_testng_pagefactoryexceldata" name="f" time="6.441"/>
  <testcase classname="Pack1.Tc012_testng_pagefactoryexceldata" name="f" time="9.804"/>
  <testcase classname="Pack1.Tc012_testng_pagefactoryexceldata" name="f" time="6.081"/>
</testsuite> <!-- Pack1.Tc012_testng_pagefactoryexceldata -->
