<?xml version="1.0" encoding="UTF-8"?>
<!-- Generated by org.testng.reporters.JUnitReportReporter -->
<testsuite hostname="sanchari" failures="0" tests="2" name="Pack1.Lab9_lab3crossbrowser" time="7.352" errors="0" timestamp="2025-08-20T00:48:19 IST" skipped="0">
  <testcase classname="Pack1.Lab9_lab3crossbrowser" name="test1" time="4.394"/>
  <testcase classname="Pack1.Lab9_lab3crossbrowser" name="test1" time="2.958"/>
</testsuite> <!-- Pack1.Lab9_lab3crossbrowser -->
