<?xml version="1.0" encoding="UTF-8"?>
<!-- Generated by org.testng.reporters.JUnitReportReporter -->
<testsuite hostname="sanchari" failures="0" tests="1" name="Pack1.Lab8_usingtestng" time="5.852" errors="0" timestamp="2025-08-18T18:08:58 IST" skipped="0">
  <testcase classname="Pack1.Lab8_usingtestng" name="firsttest" time="5.852"/>
</testsuite> <!-- Pack1.Lab8_usingtestng -->
