<?xml version="1.0" encoding="UTF-8"?>
<!-- Generated by org.testng.reporters.JUnitReportReporter -->
<testsuite hostname="sanchari" failures="0" tests="2" name="Pack1.Lab9_lab4crossbrowser" time="11.194" errors="0" timestamp="2025-08-19T15:27:34 IST" skipped="0">
  <testcase classname="Pack1.Lab9_lab4crossbrowser" name="test2" time="7.907"/>
  <testcase classname="Pack1.Lab9_lab4crossbrowser" name="test2" time="3.287"/>
</testsuite> <!-- Pack1.Lab9_lab4crossbrowser -->
